This file contains any messages produced by compilers while
running configure, to aid debugging if configure makes a mistake.

It was created by configure, which was
generated by GNU Autoconf 2.59.  Invocation command line was

  $ ./configure --prefix=/usr CC=gcc CXX=g++ --no-create --no-recursion

## --------- ##
## Platform. ##
## --------- ##

hostname = vaio
uname -m = i686
uname -r = 2.6.9-rc2-mm1
uname -s = Linux
uname -v = #7 Sun Sep 19 04:35:06 CDT 2004

/usr/bin/uname -p = Intel(R) Pentium(R) III Mobile CPU      1133MHz
/bin/uname -X     = unknown

/bin/arch              = i686
/usr/bin/arch -k       = unknown
/usr/convex/getsysinfo = unknown
hostinfo               = unknown
/bin/machine           = unknown
/usr/bin/oslevel       = unknown
/bin/universe          = unknown

PATH: /usr/kde/3.3/bin
PATH: /bin
PATH: /usr/bin
PATH: /usr/local/bin
PATH: /opt/bin
PATH: /usr/i686-pc-linux-gnu/gcc-bin/3.3
PATH: /usr/X11R6/bin
PATH: /opt/blackdown-jdk-1.4.1/bin
PATH: /opt/blackdown-jdk-1.4.1/jre/bin
PATH: /usr/qt/3/bin
PATH: /usr/kde/3.3/bin


## ----------- ##
## Core tests. ##
## ----------- ##

configure:1536: checking for a BSD-compatible install
configure:1591: result: /bin/install -c
configure:1602: checking whether build environment is sane
configure:1645: result: yes
configure:1702: checking for gawk
configure:1718: found /bin/gawk
configure:1728: result: gawk
configure:1738: checking whether make sets $(MAKE)
configure:1758: result: yes
configure:2003: checking whether ln -s works
configure:2007: result: yes
configure:2014: checking whether make sets $(MAKE)
configure:2034: result: yes
configure:2056: checking for a BSD-compatible install
configure:2111: result: /bin/install -c
configure:2200: checking build system type
configure:2218: result: i686-pc-linux-gnu
configure:2226: checking host system type
configure:2240: result: i686-pc-linux-gnu
configure:2260: checking for style of include used by make
configure:2288: result: GNU
configure:2359: checking for gcc
configure:2385: result: gcc
configure:2629: checking for C compiler version
configure:2632: gcc --version </dev/null >&5
gcc (GCC) 3.3.4 20040623 (Gentoo Linux 3.3.4-r1, ssp-3.3.2-2, pie-8.7.6)
Copyright (C) 2003 Free Software Foundation, Inc.
This is free software; see the source for copying conditions.  There is NO
warranty; not even for MERCHANTABILITY or FITNESS FOR A PARTICULAR PURPOSE.

configure:2635: $? = 0
configure:2637: gcc -v </dev/null >&5
Reading specs from /usr/lib/gcc-lib/i686-pc-linux-gnu/3.3.4/specs
Configured with: /var/tmp/portage/gcc-3.3.4-r1/work/gcc-3.3.4/configure --prefix=/usr --bindir=/usr/i686-pc-linux-gnu/gcc-bin/3.3 --includedir=/usr/lib/gcc-lib/i686-pc-linux-gnu/3.3.4/include --datadir=/usr/share/gcc-data/i686-pc-linux-gnu/3.3 --mandir=/usr/share/gcc-data/i686-pc-linux-gnu/3.3/man --infodir=/usr/share/gcc-data/i686-pc-linux-gnu/3.3/info --enable-shared --host=i686-pc-linux-gnu --target=i686-pc-linux-gnu --with-system-zlib --enable-languages=c,c++ --enable-threads=posix --enable-long-long --disable-checking --disable-libunwind-exceptions --enable-cstdio=stdio --enable-version-specific-runtime-libs --with-gxx-include-dir=/usr/lib/gcc-lib/i686-pc-linux-gnu/3.3.4/include/g++-v3 --with-local-prefix=/usr/local --enable-shared --enable-nls --without-included-gettext --disable-multilib --enable-__cxa_atexit --enable-clocale=generic
Thread model: posix
gcc version 3.3.4 20040623 (Gentoo Linux 3.3.4-r1, ssp-3.3.2-2, pie-8.7.6)
configure:2640: $? = 0
configure:2642: gcc -V </dev/null >&5
gcc: `-V' option must have argument
configure:2645: $? = 1
configure:2668: checking for C compiler default output file name
configure:2671: gcc    conftest.c  >&5
configure:2674: $? = 0
configure:2720: result: a.out
configure:2725: checking whether the C compiler works
configure:2731: ./a.out
configure:2734: $? = 0
configure:2751: result: yes
configure:2758: checking whether we are cross compiling
configure:2760: result: no
configure:2763: checking for suffix of executables
configure:2765: gcc -o conftest    conftest.c  >&5
configure:2768: $? = 0
configure:2793: result: 
configure:2799: checking for suffix of object files
configure:2820: gcc -c   conftest.c >&5
configure:2823: $? = 0
configure:2845: result: o
configure:2849: checking whether we are using the GNU C compiler
configure:2873: gcc -c   conftest.c >&5
configure:2879: $? = 0
configure:2883: test -z 
			 || test ! -s conftest.err
configure:2886: $? = 0
configure:2889: test -s conftest.o
configure:2892: $? = 0
configure:2905: result: yes
configure:2911: checking whether gcc accepts -g
configure:2932: gcc -c -g  conftest.c >&5
configure:2938: $? = 0
configure:2942: test -z 
			 || test ! -s conftest.err
configure:2945: $? = 0
configure:2948: test -s conftest.o
configure:2951: $? = 0
configure:2962: result: yes
configure:2979: checking for gcc option to accept ANSI C
configure:3049: gcc  -c -g -O2  conftest.c >&5
configure:3055: $? = 0
configure:3059: test -z 
			 || test ! -s conftest.err
configure:3062: $? = 0
configure:3065: test -s conftest.o
configure:3068: $? = 0
configure:3086: result: none needed
configure:3104: gcc -c -g -O2  conftest.c >&5
conftest.c:2: error: syntax error before "me"
configure:3110: $? = 1
configure: failed program was:
| #ifndef __cplusplus
|   choke me
| #endif
configure:3245: checking dependency style of gcc
configure:3335: result: gcc3
configure:3352: checking for a sed that does not truncate output
configure:3406: result: /bin/sed
configure:3409: checking for egrep
configure:3419: result: grep -E
configure:3435: checking for ld used by gcc
configure:3502: result: /usr/i686-pc-linux-gnu/bin/ld
configure:3511: checking if the linker (/usr/i686-pc-linux-gnu/bin/ld) is GNU ld
configure:3526: result: yes
configure:3531: checking for /usr/i686-pc-linux-gnu/bin/ld option to reload object files
configure:3538: result: -r
configure:3547: checking for BSD-compatible nm
configure:3589: result: /usr/bin/nm -B
configure:3593: checking how to recognise dependent libraries
configure:3776: result: pass_all
configure:3908: gcc -c -g -O2  conftest.c >&5
configure:3911: $? = 0
configure:4008: checking how to run the C preprocessor
configure:4043: gcc -E  conftest.c
configure:4049: $? = 0
configure:4081: gcc -E  conftest.c
conftest.c:11:28: ac_nonexistent.h: No such file or directory
configure:4087: $? = 1
configure: failed program was:
| /* confdefs.h.  */
| 
| #define PACKAGE_NAME ""
| #define PACKAGE_TARNAME ""
| #define PACKAGE_VERSION ""
| #define PACKAGE_STRING ""
| #define PACKAGE_BUGREPORT ""
| #define PACKAGE "ttyproc"
| #define VERSION "1.0.1"
| /* end confdefs.h.  */
| #include <ac_nonexistent.h>
configure:4126: result: gcc -E
configure:4150: gcc -E  conftest.c
configure:4156: $? = 0
configure:4188: gcc -E  conftest.c
conftest.c:11:28: ac_nonexistent.h: No such file or directory
configure:4194: $? = 1
configure: failed program was:
| /* confdefs.h.  */
| 
| #define PACKAGE_NAME ""
| #define PACKAGE_TARNAME ""
| #define PACKAGE_VERSION ""
| #define PACKAGE_STRING ""
| #define PACKAGE_BUGREPORT ""
| #define PACKAGE "ttyproc"
| #define VERSION "1.0.1"
| /* end confdefs.h.  */
| #include <ac_nonexistent.h>
configure:4238: checking for ANSI C header files
configure:4263: gcc -c -g -O2  conftest.c >&5
configure:4269: $? = 0
configure:4273: test -z 
			 || test ! -s conftest.err
configure:4276: $? = 0
configure:4279: test -s conftest.o
configure:4282: $? = 0
configure:4368: gcc -o conftest -g -O2   conftest.c  >&5
configure:4371: $? = 0
configure:4373: ./conftest
configure:4376: $? = 0
configure:4391: result: yes
configure:4415: checking for sys/types.h
configure:4431: gcc -c -g -O2  conftest.c >&5
configure:4437: $? = 0
configure:4441: test -z 
			 || test ! -s conftest.err
configure:4444: $? = 0
configure:4447: test -s conftest.o
configure:4450: $? = 0
configure:4461: result: yes
configure:4415: checking for sys/stat.h
configure:4431: gcc -c -g -O2  conftest.c >&5
configure:4437: $? = 0
configure:4441: test -z 
			 || test ! -s conftest.err
configure:4444: $? = 0
configure:4447: test -s conftest.o
configure:4450: $? = 0
configure:4461: result: yes
configure:4415: checking for stdlib.h
configure:4431: gcc -c -g -O2  conftest.c >&5
configure:4437: $? = 0
configure:4441: test -z 
			 || test ! -s conftest.err
configure:4444: $? = 0
configure:4447: test -s conftest.o
configure:4450: $? = 0
configure:4461: result: yes
configure:4415: checking for string.h
configure:4431: gcc -c -g -O2  conftest.c >&5
configure:4437: $? = 0
configure:4441: test -z 
			 || test ! -s conftest.err
configure:4444: $? = 0
configure:4447: test -s conftest.o
configure:4450: $? = 0
configure:4461: result: yes
configure:4415: checking for memory.h
configure:4431: gcc -c -g -O2  conftest.c >&5
configure:4437: $? = 0
configure:4441: test -z 
			 || test ! -s conftest.err
configure:4444: $? = 0
configure:4447: test -s conftest.o
configure:4450: $? = 0
configure:4461: result: yes
configure:4415: checking for strings.h
configure:4431: gcc -c -g -O2  conftest.c >&5
configure:4437: $? = 0
configure:4441: test -z 
			 || test ! -s conftest.err
configure:4444: $? = 0
configure:4447: test -s conftest.o
configure:4450: $? = 0
configure:4461: result: yes
configure:4415: checking for inttypes.h
configure:4431: gcc -c -g -O2  conftest.c >&5
configure:4437: $? = 0
configure:4441: test -z 
			 || test ! -s conftest.err
configure:4444: $? = 0
configure:4447: test -s conftest.o
configure:4450: $? = 0
configure:4461: result: yes
configure:4415: checking for stdint.h
configure:4431: gcc -c -g -O2  conftest.c >&5
configure:4437: $? = 0
configure:4441: test -z 
			 || test ! -s conftest.err
configure:4444: $? = 0
configure:4447: test -s conftest.o
configure:4450: $? = 0
configure:4461: result: yes
configure:4415: checking for unistd.h
configure:4431: gcc -c -g -O2  conftest.c >&5
configure:4437: $? = 0
configure:4441: test -z 
			 || test ! -s conftest.err
configure:4444: $? = 0
configure:4447: test -s conftest.o
configure:4450: $? = 0
configure:4461: result: yes
configure:4487: checking dlfcn.h usability
configure:4499: gcc -c -g -O2  conftest.c >&5
configure:4505: $? = 0
configure:4509: test -z 
			 || test ! -s conftest.err
configure:4512: $? = 0
configure:4515: test -s conftest.o
configure:4518: $? = 0
configure:4528: result: yes
configure:4532: checking dlfcn.h presence
configure:4542: gcc -E  conftest.c
configure:4548: $? = 0
configure:4568: result: yes
configure:4603: checking for dlfcn.h
configure:4610: result: yes
configure:4717: checking for C++ compiler version
configure:4720: g++ --version </dev/null >&5
g++ (GCC) 3.3.4 20040623 (Gentoo Linux 3.3.4-r1, ssp-3.3.2-2, pie-8.7.6)
Copyright (C) 2003 Free Software Foundation, Inc.
This is free software; see the source for copying conditions.  There is NO
warranty; not even for MERCHANTABILITY or FITNESS FOR A PARTICULAR PURPOSE.

configure:4723: $? = 0
configure:4725: g++ -v </dev/null >&5
Reading specs from /usr/lib/gcc-lib/i686-pc-linux-gnu/3.3.4/specs
Configured with: /var/tmp/portage/gcc-3.3.4-r1/work/gcc-3.3.4/configure --prefix=/usr --bindir=/usr/i686-pc-linux-gnu/gcc-bin/3.3 --includedir=/usr/lib/gcc-lib/i686-pc-linux-gnu/3.3.4/include --datadir=/usr/share/gcc-data/i686-pc-linux-gnu/3.3 --mandir=/usr/share/gcc-data/i686-pc-linux-gnu/3.3/man --infodir=/usr/share/gcc-data/i686-pc-linux-gnu/3.3/info --enable-shared --host=i686-pc-linux-gnu --target=i686-pc-linux-gnu --with-system-zlib --enable-languages=c,c++ --enable-threads=posix --enable-long-long --disable-checking --disable-libunwind-exceptions --enable-cstdio=stdio --enable-version-specific-runtime-libs --with-gxx-include-dir=/usr/lib/gcc-lib/i686-pc-linux-gnu/3.3.4/include/g++-v3 --with-local-prefix=/usr/local --enable-shared --enable-nls --without-included-gettext --disable-multilib --enable-__cxa_atexit --enable-clocale=generic
Thread model: posix
gcc version 3.3.4 20040623 (Gentoo Linux 3.3.4-r1, ssp-3.3.2-2, pie-8.7.6)
configure:4728: $? = 0
configure:4730: g++ -V </dev/null >&5
g++: `-V' option must have argument
configure:4733: $? = 1
configure:4736: checking whether we are using the GNU C++ compiler
configure:4760: g++ -c   conftest.cc >&5
configure:4766: $? = 0
configure:4770: test -z 
			 || test ! -s conftest.err
configure:4773: $? = 0
configure:4776: test -s conftest.o
configure:4779: $? = 0
configure:4792: result: yes
configure:4798: checking whether g++ accepts -g
configure:4819: g++ -c -g  conftest.cc >&5
configure:4825: $? = 0
configure:4829: test -z 
			 || test ! -s conftest.err
configure:4832: $? = 0
configure:4835: test -s conftest.o
configure:4838: $? = 0
configure:4849: result: yes
configure:4891: g++ -c -g -O2  conftest.cc >&5
configure:4897: $? = 0
configure:4901: test -z 
			 || test ! -s conftest.err
configure:4904: $? = 0
configure:4907: test -s conftest.o
configure:4910: $? = 0
configure:4936: g++ -c -g -O2  conftest.cc >&5
conftest.cc: In function `int main()':
conftest.cc:26: error: `exit' undeclared (first use this function)
conftest.cc:26: error: (Each undeclared identifier is reported only once for 
   each function it appears in.)
configure:4942: $? = 1
configure: failed program was:
| /* confdefs.h.  */
| 
| #define PACKAGE_NAME ""
| #define PACKAGE_TARNAME ""
| #define PACKAGE_VERSION ""
| #define PACKAGE_STRING ""
| #define PACKAGE_BUGREPORT ""
| #define PACKAGE "ttyproc"
| #define VERSION "1.0.1"
| #define STDC_HEADERS 1
| #define HAVE_SYS_TYPES_H 1
| #define HAVE_SYS_STAT_H 1
| #define HAVE_STDLIB_H 1
| #define HAVE_STRING_H 1
| #define HAVE_MEMORY_H 1
| #define HAVE_STRINGS_H 1
| #define HAVE_INTTYPES_H 1
| #define HAVE_STDINT_H 1
| #define HAVE_UNISTD_H 1
| #define HAVE_DLFCN_H 1
| /* end confdefs.h.  */
| 
| int
| main ()
| {
| exit (42);
|   ;
|   return 0;
| }
configure:4891: g++ -c -g -O2  conftest.cc >&5
configure:4897: $? = 0
configure:4901: test -z 
			 || test ! -s conftest.err
configure:4904: $? = 0
configure:4907: test -s conftest.o
configure:4910: $? = 0
configure:4936: g++ -c -g -O2  conftest.cc >&5
configure:4942: $? = 0
configure:4946: test -z 
			 || test ! -s conftest.err
configure:4949: $? = 0
configure:4952: test -s conftest.o
configure:4955: $? = 0
configure:4980: checking dependency style of g++
configure:5070: result: gcc3
configure:5092: checking how to run the C++ preprocessor
configure:5123: g++ -E  conftest.cc
configure:5129: $? = 0
configure:5161: g++ -E  conftest.cc
conftest.cc:25:28: ac_nonexistent.h: No such file or directory
configure:5167: $? = 1
configure: failed program was:
| /* confdefs.h.  */
| 
| #define PACKAGE_NAME ""
| #define PACKAGE_TARNAME ""
| #define PACKAGE_VERSION ""
| #define PACKAGE_STRING ""
| #define PACKAGE_BUGREPORT ""
| #define PACKAGE "ttyproc"
| #define VERSION "1.0.1"
| #define STDC_HEADERS 1
| #define HAVE_SYS_TYPES_H 1
| #define HAVE_SYS_STAT_H 1
| #define HAVE_STDLIB_H 1
| #define HAVE_STRING_H 1
| #define HAVE_MEMORY_H 1
| #define HAVE_STRINGS_H 1
| #define HAVE_INTTYPES_H 1
| #define HAVE_STDINT_H 1
| #define HAVE_UNISTD_H 1
| #define HAVE_DLFCN_H 1
| #ifdef __cplusplus
| extern "C" void std::exit (int) throw (); using std::exit;
| #endif
| /* end confdefs.h.  */
| #include <ac_nonexistent.h>
configure:5206: result: g++ -E
configure:5230: g++ -E  conftest.cc
configure:5236: $? = 0
configure:5268: g++ -E  conftest.cc
conftest.cc:25:28: ac_nonexistent.h: No such file or directory
configure:5274: $? = 1
configure: failed program was:
| /* confdefs.h.  */
| 
| #define PACKAGE_NAME ""
| #define PACKAGE_TARNAME ""
| #define PACKAGE_VERSION ""
| #define PACKAGE_STRING ""
| #define PACKAGE_BUGREPORT ""
| #define PACKAGE "ttyproc"
| #define VERSION "1.0.1"
| #define STDC_HEADERS 1
| #define HAVE_SYS_TYPES_H 1
| #define HAVE_SYS_STAT_H 1
| #define HAVE_STDLIB_H 1
| #define HAVE_STRING_H 1
| #define HAVE_MEMORY_H 1
| #define HAVE_STRINGS_H 1
| #define HAVE_INTTYPES_H 1
| #define HAVE_STDINT_H 1
| #define HAVE_UNISTD_H 1
| #define HAVE_DLFCN_H 1
| #ifdef __cplusplus
| extern "C" void std::exit (int) throw (); using std::exit;
| #endif
| /* end confdefs.h.  */
| #include <ac_nonexistent.h>
configure:5369: checking for g77
configure:5398: result: no
configure:5369: checking for f77
configure:5398: result: no
configure:5369: checking for xlf
configure:5398: result: no
configure:5369: checking for frt
configure:5398: result: no
configure:5369: checking for pgf77
configure:5398: result: no
configure:5369: checking for fort77
configure:5398: result: no
configure:5369: checking for fl32
configure:5398: result: no
configure:5369: checking for af77
configure:5398: result: no
configure:5369: checking for f90
configure:5398: result: no
configure:5369: checking for xlf90
configure:5398: result: no
configure:5369: checking for pgf90
configure:5398: result: no
configure:5369: checking for epcf90
configure:5398: result: no
configure:5369: checking for f95
configure:5398: result: no
configure:5369: checking for fort
configure:5398: result: no
configure:5369: checking for xlf95
configure:5398: result: no
configure:5369: checking for ifc
configure:5398: result: no
configure:5369: checking for efc
configure:5398: result: no
configure:5369: checking for pgf95
configure:5398: result: no
configure:5369: checking for lf95
configure:5398: result: no
configure:5369: checking for gfortran
configure:5398: result: no
configure:5413: checking for Fortran 77 compiler version
configure:5413:  --version </dev/null >&5
./configure: line 1: --version: command not found
configure:5416: $? = 127
configure:5418:  -v </dev/null >&5
./configure: line 1: -v: command not found
configure:5421: $? = 127
configure:5423:  -V </dev/null >&5
./configure: line 1: -V: command not found
configure:5426: $? = 127
configure:5434: checking whether we are using the GNU Fortran 77 compiler
configure:5448:  -c  conftest.F >&5
./configure: line 1: -c: command not found
configure:5454: $? = 127
configure: failed program was:
|       program main
| #ifndef __GNUC__
|        choke me
| #endif
| 
|       end
configure:5480: result: no
configure:5486: checking whether  accepts -g
configure:5498:  -c -g conftest.f >&5
./configure: line 1: -c: command not found
configure:5504: $? = 127
configure: failed program was:
|       program main
| 
|       end
configure:5529: result: no
configure:5559: checking the maximum length of command line arguments
configure:5624: result: 32768
configure:5635: checking command to parse /usr/bin/nm -B output from gcc object
configure:5724: gcc -c -g -O2  conftest.c >&5
configure:5727: $? = 0
configure:5731: /usr/bin/nm -B conftest.o \| sed -n -e 's/^.*[ 	]\([ABCDGIRSTW][ABCDGIRSTW]*\)[ 	][ 	]*\(\)\([_A-Za-z][_A-Za-z0-9]*\)$/\1 \2\3 \3/p' \> conftest.nm
configure:5734: $? = 0
configure:5786: gcc -o conftest -g -O2   conftest.c conftstm.o >&5
configure:5789: $? = 0
configure:5827: result: ok
configure:5831: checking for objdir
configure:5846: result: .libs
configure:5936: checking for ar
configure:5952: found /usr/bin/ar
configure:5963: result: ar
configure:6016: checking for ranlib
configure:6032: found /usr/bin/ranlib
configure:6043: result: ranlib
configure:6096: checking for strip
configure:6112: found /usr/bin/strip
configure:6123: result: strip
configure:6385: checking if gcc static flag  works
configure:6408: result: yes
configure:6426: checking if gcc supports -fno-rtti -fno-exceptions
configure:6447: gcc -c -g -O2  -fno-rtti -fno-exceptions conftest.c >&5
cc1: warning: "-fno-rtti" is valid for C++ but not for C/ObjC
configure:6451: $? = 0
configure:6459: result: no
configure:6474: checking for gcc option to produce PIC
configure:6651: result: -fPIC
configure:6659: checking if gcc PIC flag -fPIC works
configure:6680: gcc -c -g -O2  -fPIC -DPIC conftest.c >&5
configure:6684: $? = 0
configure:6692: result: yes
configure:6716: checking if gcc supports -c -o file.o
configure:6740: gcc -c -g -O2  -o out/conftest2.o conftest.c >&5
configure:6744: $? = 0
configure:6761: result: yes
configure:6787: checking whether the gcc linker (/usr/i686-pc-linux-gnu/bin/ld) supports shared libraries
configure:7635: result: yes
configure:7661: checking whether -lc should be explicitly linked in
configure:7666: gcc -c -g -O2  conftest.c >&5
configure:7669: $? = 0
configure:7683: gcc -shared conftest.o  -v -Wl,-soname -Wl,conftest -o conftest 2\>\&1 \| grep  -lc  \>/dev/null 2\>\&1
configure:7686: $? = 0
configure:7698: result: no
configure:7706: checking dynamic linker characteristics
configure:8301: result: GNU/Linux ld.so
configure:8305: checking how to hardcode library paths into programs
configure:8330: result: immediate
configure:8344: checking whether stripping libraries is possible
configure:8349: result: yes
configure:9179: checking if libtool supports shared libraries
configure:9181: result: yes
configure:9184: checking whether to build shared libraries
configure:9242: result: yes
configure:9245: checking whether to build static libraries
configure:9249: result: yes
configure:9341: creating libtool
configure:9888: checking for ld used by g++
configure:9955: result: /usr/i686-pc-linux-gnu/bin/ld
configure:9964: checking if the linker (/usr/i686-pc-linux-gnu/bin/ld) is GNU ld
configure:9979: result: yes
configure:10030: checking whether the g++ linker (/usr/i686-pc-linux-gnu/bin/ld) supports shared libraries
configure:10858: result: yes
configure:10876: g++ -c -g -O2  conftest.cc >&5
configure:10879: $? = 0
configure:10975: checking for g++ option to produce PIC
configure:11227: result: -fPIC
configure:11235: checking if g++ PIC flag -fPIC works
configure:11256: g++ -c -g -O2  -fPIC -DPIC conftest.cc >&5
configure:11260: $? = 0
configure:11268: result: yes
configure:11292: checking if g++ supports -c -o file.o
configure:11316: g++ -c -g -O2  -o out/conftest2.o conftest.cc >&5
configure:11320: $? = 0
configure:11337: result: yes
configure:11363: checking whether the g++ linker (/usr/i686-pc-linux-gnu/bin/ld) supports shared libraries
configure:11388: result: yes
configure:11459: checking dynamic linker characteristics
configure:12054: result: GNU/Linux ld.so
configure:12058: checking how to hardcode library paths into programs
configure:12083: result: immediate
configure:12097: checking whether stripping libraries is possible
configure:12102: result: yes
configure:19478: checking for string.h
configure:19483: result: yes
configure:19478: checking for sys/stat.h
configure:19483: result: yes
configure:19487: checking errno.h usability
configure:19499: gcc -c -Wall -Werror  conftest.c >&5
configure:19505: $? = 0
configure:19509: test -z 
			 || test ! -s conftest.err
configure:19512: $? = 0
configure:19515: test -s conftest.o
configure:19518: $? = 0
configure:19528: result: yes
configure:19532: checking errno.h presence
configure:19542: gcc -E  conftest.c
configure:19548: $? = 0
configure:19568: result: yes
configure:19603: checking for errno.h
configure:19610: result: yes
configure:19487: checking dirent.h usability
configure:19499: gcc -c -Wall -Werror  conftest.c >&5
configure:19505: $? = 0
configure:19509: test -z 
			 || test ! -s conftest.err
configure:19512: $? = 0
configure:19515: test -s conftest.o
configure:19518: $? = 0
configure:19528: result: yes
configure:19532: checking dirent.h presence
configure:19542: gcc -E  conftest.c
configure:19548: $? = 0
configure:19568: result: yes
configure:19603: checking for dirent.h
configure:19610: result: yes
configure:19487: checking fcntl.h usability
configure:19499: gcc -c -Wall -Werror  conftest.c >&5
configure:19505: $? = 0
configure:19509: test -z 
			 || test ! -s conftest.err
configure:19512: $? = 0
configure:19515: test -s conftest.o
configure:19518: $? = 0
configure:19528: result: yes
configure:19532: checking fcntl.h presence
configure:19542: gcc -E  conftest.c
configure:19548: $? = 0
configure:19568: result: yes
configure:19603: checking for fcntl.h
configure:19610: result: yes
configure:19741: creating ./config.status

## ---------------- ##
## Cache variables. ##
## ---------------- ##

ac_cv_build=i686-pc-linux-gnu
ac_cv_build_alias=i686-pc-linux-gnu
ac_cv_c_compiler_gnu=yes
ac_cv_cxx_compiler_gnu=yes
ac_cv_env_CC_set=set
ac_cv_env_CC_value=gcc
ac_cv_env_CFLAGS_set=
ac_cv_env_CFLAGS_value=
ac_cv_env_CPPFLAGS_set=
ac_cv_env_CPPFLAGS_value=
ac_cv_env_CPP_set=
ac_cv_env_CPP_value=
ac_cv_env_CXXCPP_set=
ac_cv_env_CXXCPP_value=
ac_cv_env_CXXFLAGS_set=
ac_cv_env_CXXFLAGS_value=
ac_cv_env_CXX_set=set
ac_cv_env_CXX_value=g++
ac_cv_env_F77_set=
ac_cv_env_F77_value=
ac_cv_env_FFLAGS_set=
ac_cv_env_FFLAGS_value=
ac_cv_env_LDFLAGS_set=
ac_cv_env_LDFLAGS_value=
ac_cv_env_build_alias_set=
ac_cv_env_build_alias_value=
ac_cv_env_host_alias_set=
ac_cv_env_host_alias_value=
ac_cv_env_target_alias_set=
ac_cv_env_target_alias_value=
ac_cv_exeext=
ac_cv_f77_compiler_gnu=no
ac_cv_header_dirent_h=yes
ac_cv_header_dlfcn_h=yes
ac_cv_header_errno_h=yes
ac_cv_header_fcntl_h=yes
ac_cv_header_inttypes_h=yes
ac_cv_header_memory_h=yes
ac_cv_header_stdc=yes
ac_cv_header_stdint_h=yes
ac_cv_header_stdlib_h=yes
ac_cv_header_string_h=yes
ac_cv_header_strings_h=yes
ac_cv_header_sys_stat_h=yes
ac_cv_header_sys_types_h=yes
ac_cv_header_unistd_h=yes
ac_cv_host=i686-pc-linux-gnu
ac_cv_host_alias=i686-pc-linux-gnu
ac_cv_objext=o
ac_cv_path_install='/bin/install -c'
ac_cv_prog_AWK=gawk
ac_cv_prog_CPP='gcc -E'
ac_cv_prog_CXXCPP='g++ -E'
ac_cv_prog_ac_ct_AR=ar
ac_cv_prog_ac_ct_CC=gcc
ac_cv_prog_ac_ct_RANLIB=ranlib
ac_cv_prog_ac_ct_STRIP=strip
ac_cv_prog_cc_g=yes
ac_cv_prog_cc_stdc=
ac_cv_prog_cxx_g=yes
ac_cv_prog_egrep='grep -E'
ac_cv_prog_f77_g=no
ac_cv_prog_make_make_set=yes
am_cv_CC_dependencies_compiler_type=gcc3
am_cv_CXX_dependencies_compiler_type=gcc3
lt_cv_cc_64bit_output=no
lt_cv_deplibs_check_method=pass_all
lt_cv_file_magic_cmd='$MAGIC_CMD'
lt_cv_file_magic_test_file='/lib/libc.so.6 /lib/libc-2.3.3.so'
lt_cv_ld_reload_flag=-r
lt_cv_objdir=.libs
lt_cv_path_LD=/usr/i686-pc-linux-gnu/bin/ld
lt_cv_path_LDCXX=/usr/i686-pc-linux-gnu/bin/ld
lt_cv_path_NM='/usr/bin/nm -B'
lt_cv_path_SED=/bin/sed
lt_cv_prog_compiler_c_o=yes
lt_cv_prog_compiler_c_o_CXX=yes
lt_cv_prog_compiler_rtti_exceptions=no
lt_cv_prog_gnu_ld=yes
lt_cv_prog_gnu_ldcxx=yes
lt_cv_sys_global_symbol_pipe='sed -n -e '\''s/^.*[ 	]\([ABCDGIRSTW][ABCDGIRSTW]*\)[ 	][ 	]*\(\)\([_A-Za-z][_A-Za-z0-9]*\)$/\1 \2\3 \3/p'\'''
lt_cv_sys_global_symbol_to_c_name_address='sed -n -e '\''s/^: \([^ ]*\) $/  {\"\1\", (lt_ptr) 0},/p'\'' -e '\''s/^[BCDEGRST] \([^ ]*\) \([^ ]*\)$/  {"\2", (lt_ptr) \&\2},/p'\'''
lt_cv_sys_global_symbol_to_cdecl='sed -n -e '\''s/^. .* \(.*\)$/extern int \1;/p'\'''
lt_cv_sys_max_cmd_len=32768
lt_lt_cv_prog_compiler_c_o='"yes"'
lt_lt_cv_prog_compiler_c_o_CXX='"yes"'
lt_lt_cv_sys_global_symbol_pipe='"sed -n -e '\''s/^.*[ 	]\\([ABCDGIRSTW][ABCDGIRSTW]*\\)[ 	][ 	]*\\(\\)\\([_A-Za-z][_A-Za-z0-9]*\\)\$/\\1 \\2\\3 \\3/p'\''"'
lt_lt_cv_sys_global_symbol_to_c_name_address='"sed -n -e '\''s/^: \\([^ ]*\\) \$/  {\\\"\\1\\\", (lt_ptr) 0},/p'\'' -e '\''s/^[BCDEGRST] \\([^ ]*\\) \\([^ ]*\\)\$/  {\"\\2\", (lt_ptr) \\&\\2},/p'\''"'
lt_lt_cv_sys_global_symbol_to_cdecl='"sed -n -e '\''s/^. .* \\(.*\\)\$/extern int \\1;/p'\''"'

## ----------------- ##
## Output variables. ##
## ----------------- ##

ACLOCAL='${SHELL} /prog/ttyproc/missing --run aclocal-1.8'
AMDEPBACKSLASH='\'
AMDEP_FALSE='#'
AMDEP_TRUE=''
AMTAR='${SHELL} /prog/ttyproc/missing --run tar'
AR='ar'
AUTOCONF='${SHELL} /prog/ttyproc/missing --run autoconf'
AUTOHEADER='${SHELL} /prog/ttyproc/missing --run autoheader'
AUTOMAKE='${SHELL} /prog/ttyproc/missing --run automake-1.8'
AWK='gawk'
CC='gcc'
CCDEPMODE='depmode=gcc3'
CFLAGS='-Wall -Werror'
CPP='gcc -E'
CPPFLAGS=''
CXX='g++'
CXXCPP='g++ -E'
CXXDEPMODE='depmode=gcc3'
CXXFLAGS='-g -O2'
CYGPATH_W='echo'
DEFS='-DHAVE_CONFIG_H'
DEPDIR='.deps'
ECHO='echo'
ECHO_C=''
ECHO_N='-n'
ECHO_T=''
EGREP='grep -E'
EXEEXT=''
F77=''
FFLAGS=''
INSTALL_DATA='${INSTALL} -m 644'
INSTALL_PROGRAM='${INSTALL}'
INSTALL_SCRIPT='${INSTALL}'
INSTALL_STRIP_PROGRAM='${SHELL} $(install_sh) -c -s'
LDFLAGS=''
LIBOBJS=''
LIBS=''
LIBTOOL='$(SHELL) $(top_builddir)/libtool'
LN_S='ln -s'
LTLIBOBJS=''
MAKEINFO='${SHELL} /prog/ttyproc/missing --run makeinfo'
OBJEXT='o'
PACKAGE='ttyproc'
PACKAGE_BUGREPORT=''
PACKAGE_NAME=''
PACKAGE_STRING=''
PACKAGE_TARNAME=''
PACKAGE_VERSION=''
PATH_SEPARATOR=':'
RANLIB='ranlib'
SET_MAKE=''
SHELL='/bin/sh'
STRIP='strip'
VERSION='1.0.1'
ac_ct_AR='ar'
ac_ct_CC='gcc'
ac_ct_CXX=''
ac_ct_F77=''
ac_ct_RANLIB='ranlib'
ac_ct_STRIP='strip'
ac_prefix_program=''
am__fastdepCC_FALSE='#'
am__fastdepCC_TRUE=''
am__fastdepCXX_FALSE='#'
am__fastdepCXX_TRUE=''
am__include='include'
am__leading_dot='.'
am__quote=''
bindir='${exec_prefix}/bin'
build='i686-pc-linux-gnu'
build_alias=''
build_cpu='i686'
build_os='linux-gnu'
build_vendor='pc'
datadir='${prefix}/share'
exec_prefix='${prefix}'
host='i686-pc-linux-gnu'
host_alias=''
host_cpu='i686'
host_os='linux-gnu'
host_vendor='pc'
includedir='${prefix}/include'
infodir='${prefix}/info'
install_sh='/prog/ttyproc/install-sh'
libdir='${exec_prefix}/lib'
libexecdir='${exec_prefix}/libexec'
localstatedir='${prefix}/var'
mandir='${prefix}/man'
mkdir_p='mkdir -p -- .'
oldincludedir='/usr/include'
prefix='/usr'
program_transform_name='s,x,x,'
sbindir='${exec_prefix}/sbin'
sharedstatedir='${prefix}/com'
sysconfdir='${prefix}/etc'
target_alias=''

## ----------- ##
## confdefs.h. ##
## ----------- ##

#define HAVE_DIRENT_H 1
#define HAVE_DLFCN_H 1
#define HAVE_ERRNO_H 1
#define HAVE_FCNTL_H 1
#define HAVE_INTTYPES_H 1
#define HAVE_MEMORY_H 1
#define HAVE_STDINT_H 1
#define HAVE_STDLIB_H 1
#define HAVE_STRINGS_H 1
#define HAVE_STRING_H 1
#define HAVE_STRING_H 1
#define HAVE_SYS_STAT_H 1
#define HAVE_SYS_STAT_H 1
#define HAVE_SYS_TYPES_H 1
#define HAVE_UNISTD_H 1
#define PACKAGE "ttyproc"
#define PACKAGE_BUGREPORT ""
#define PACKAGE_NAME ""
#define PACKAGE_STRING ""
#define PACKAGE_TARNAME ""
#define PACKAGE_VERSION ""
#define STDC_HEADERS 1
#define VERSION "1.0.1"
#endif
#ifdef __cplusplus
extern "C" void std::exit (int) throw (); using std::exit;

configure: exit 0

## ---------------------- ##
## Running config.status. ##
## ---------------------- ##

This file was extended by config.status, which was
generated by GNU Autoconf 2.59.  Invocation command line was

  CONFIG_FILES    = 
  CONFIG_HEADERS  = 
  CONFIG_LINKS    = 
  CONFIG_COMMANDS = 
  $ ./config.status 

on vaio

config.status:713: creating Makefile
config.status:817: creating config.h
config.status:935: config.h is unchanged
config.status:1115: executing depfiles commands

## ---------------------- ##
## Running config.status. ##
## ---------------------- ##

This file was extended by config.status, which was
generated by GNU Autoconf 2.59.  Invocation command line was

  CONFIG_FILES    = 
  CONFIG_HEADERS  = 
  CONFIG_LINKS    = 
  CONFIG_COMMANDS = 
  $ ./config.status config.h

on vaio

config.status:817: creating config.h
config.status:935: config.h is unchanged
